

===============================
 Start logging 20130131111815
 D:\Dropbox\Working Proj\ACS Proj\AcsProj\Util\Log.py

[11.18.15]	This is a log message
[11.18.15]	This is another log message


===============================
 Start logging 20130131111815
 D:\Dropbox\Working Proj\ACS Proj\AcsProj\Util\Log.py

[11.18.15]	LG2: I am here!


===============================
 Start logging 20130131111906
 D:\Dropbox\Working Proj\ACS Proj\AcsProj\Util\Log.py

[11.19.06]	This is a log message
[11.19.06]	This is another log message
[11.19.06]	This is another log message
[11.19.06]	This is another log message
[11.19.06]	This is another log message


===============================
 Start logging 20130131111906
 D:\Dropbox\Working Proj\ACS Proj\AcsProj\Util\Log.py

[11.19.06]	LG2: I am here!


===============================
 Start logging 20130131141609
 D:\Dropbox\Working Proj\ACS Proj\AcsProj\Util\Log.py

[14.16.09]	This is a log message
[14.16.09]	This is another log message
[14.16.09]	This is another log message
[14.16.09]	This is another log message
[14.16.09]	This is another log message


===============================
 Start logging 20130131141609
 D:\Dropbox\Working Proj\ACS Proj\AcsProj\Util\Log.py

[14.16.09]	LG2: I am here!


===============================
 Start logging 20130131143353
 D:\Dropbox\Working Proj\ACS Proj\AcsProj\Util\Log.py

[14.33.53]	This is a log message
[14.33.53]	This is another log message
[14.33.53]	This is another log message
[14.33.53]	This is another log message
[14.33.53]	This is another log message


===============================
 Start logging 20130131143353
 D:\Dropbox\Working Proj\ACS Proj\AcsProj\Util\Log.py

[14.33.53]	LG2: I am here!


===============================
 Start logging 20130131155759
 D:\Dropbox\Working Proj\ACS Proj\AcsProj\Util\Log.py

[15.58.01]	This is a log message
[15.58.05]	This is another log message
[15.58.05]	This is another log message
[15.58.06]	This is another log message
[15.58.06]	This is another log message


===============================
 Start logging 20130131155802
 D:\Dropbox\Working Proj\ACS Proj\AcsProj\Util\Log.py

[15.58.04]	LG2: I am here!
